<?xml version="1.0" encoding="UTF-8"?>
<!-- Generated by org.testng.reporters.JUnitReportReporter -->
<testsuite skipped="0" hostname="Dell" name="testCases.TC_003_WomensTshirtShopping" tests="1" failures="0" timestamp="2021-08-18T05:03:48 IST" time="9.372" errors="0">
  <testcase name="test_WomensTshirtShopping" time="9.372" classname="testCases.TC_003_WomensTshirtShopping"/>
  <system-out/>
</testsuite> <!-- testCases.TC_003_WomensTshirtShopping -->
