<?xml version="1.0" encoding="UTF-8"?>
<!-- Generated by org.testng.reporters.JUnitReportReporter -->
<testsuite skipped="0" hostname="Dell" name="testCases.TC_003_WomensShopping" tests="1" failures="0" timestamp="2021-08-19T05:10:37 IST" time="31.336" errors="0">
  <testcase name="test_WomensTshirtShopping" time="31.336" classname="testCases.TC_003_WomensShopping"/>
  <system-out/>
</testsuite> <!-- testCases.TC_003_WomensShopping -->
