<?xml version="1.0" encoding="UTF-8"?>
<!-- Generated by org.testng.reporters.JUnitReportReporter -->
<testsuite skipped="0" hostname="Dell" name="testCases.TC_002_LoginPage" tests="1" failures="0" timestamp="2021-08-19T05:20:05 IST" time="11.084" errors="0">
  <testcase name="test_Login_Page" time="11.084" classname="testCases.TC_002_LoginPage"/>
  <system-out/>
</testsuite> <!-- testCases.TC_002_LoginPage -->
