<?xml version="1.0" encoding="UTF-8"?>
<!-- Generated by org.testng.reporters.JUnitReportReporter -->
<testsuite skipped="0" hostname="Dell" name="testCases.TC_001_CreateAccountPage" tests="1" failures="0" timestamp="2021-08-18T04:12:53 IST" time="19.705" errors="0">
  <testcase name="test_Create_Account" time="19.705" classname="testCases.TC_001_CreateAccountPage"/>
  <system-out/>
</testsuite> <!-- testCases.TC_001_CreateAccountPage -->
